<?xml version="1.0" encoding="UTF-8"?>
<coverage generated="1564527957952" clover="3.2.0">
  <project timestamp="1564527957952" name="All files">
    <metrics statements="72" coveredstatements="65" conditionals="16" coveredconditionals="8" methods="28" coveredmethods="26" elements="116" coveredelements="99" complexity="0" loc="72" ncloc="72" packages="5" files="9" classes="9"/>
    <package name="src">
      <metrics statements="1" coveredstatements="1" conditionals="0" coveredconditionals="0" methods="0" coveredmethods="0"/>
      <file name="App.vue" path="/Users/nimsum/Turing/MOD-4/harvard-exhibitions/harvard-art-gallery/src/App.vue">
        <metrics statements="1" coveredstatements="1" conditionals="0" coveredconditionals="0" methods="0" coveredmethods="0"/>
        <line num="9" count="1" type="stmt"/>
      </file>
    </package>
    <package name="src.components">
      <metrics statements="59" coveredstatements="52" conditionals="14" coveredconditionals="6" methods="24" coveredmethods="22"/>
      <file name="ArtworkContainer.vue" path="/Users/nimsum/Turing/MOD-4/harvard-exhibitions/harvard-art-gallery/src/components/ArtworkContainer.vue">
        <metrics statements="1" coveredstatements="1" conditionals="0" coveredconditionals="0" methods="0" coveredmethods="0"/>
        <line num="12" count="2" type="stmt"/>
      </file>
      <file name="ArtworkItem.vue" path="/Users/nimsum/Turing/MOD-4/harvard-exhibitions/harvard-art-gallery/src/components/ArtworkItem.vue">
        <metrics statements="3" coveredstatements="3" conditionals="0" coveredconditionals="0" methods="2" coveredmethods="2"/>
        <line num="48" count="7" type="stmt"/>
        <line num="49" count="7" type="stmt"/>
        <line num="64" count="1" type="stmt"/>
      </file>
      <file name="FloorContainer.vue" path="/Users/nimsum/Turing/MOD-4/harvard-exhibitions/harvard-art-gallery/src/components/FloorContainer.vue">
        <metrics statements="31" coveredstatements="24" conditionals="8" coveredconditionals="3" methods="12" coveredmethods="10"/>
        <line num="14" count="1" type="stmt"/>
        <line num="15" count="1" type="stmt"/>
        <line num="16" count="1" type="stmt"/>
        <line num="17" count="1" type="stmt"/>
        <line num="26" count="3" type="stmt"/>
        <line num="32" count="3" type="stmt"/>
        <line num="33" count="3" type="stmt"/>
        <line num="34" count="6" type="cond" truecount="1" falsecount="1"/>
        <line num="39" count="0" type="stmt"/>
        <line num="40" count="0" type="stmt"/>
        <line num="41" count="0" type="cond" truecount="0" falsecount="2"/>
        <line num="42" count="0" type="stmt"/>
        <line num="43" count="0" type="cond" truecount="0" falsecount="2"/>
        <line num="50" count="3" type="stmt"/>
        <line num="51" count="3" type="stmt"/>
        <line num="52" count="3" type="stmt"/>
        <line num="53" count="3" type="stmt"/>
        <line num="54" count="3" type="stmt"/>
        <line num="55" count="3" type="stmt"/>
        <line num="57" count="0" type="stmt"/>
        <line num="61" count="5" type="stmt"/>
        <line num="62" count="5" type="stmt"/>
        <line num="63" count="5" type="stmt"/>
        <line num="64" count="5" type="stmt"/>
        <line num="65" count="5" type="stmt"/>
        <line num="67" count="0" type="stmt"/>
        <line num="71" count="4" type="stmt"/>
        <line num="72" count="4" type="stmt"/>
        <line num="73" count="4" type="stmt"/>
        <line num="76" count="55" type="cond" truecount="2" falsecount="0"/>
        <line num="79" count="33" type="stmt"/>
      </file>
      <file name="GalleriesBar.vue" path="/Users/nimsum/Turing/MOD-4/harvard-exhibitions/harvard-art-gallery/src/components/GalleriesBar.vue">
        <metrics statements="8" coveredstatements="8" conditionals="0" coveredconditionals="0" methods="4" coveredmethods="4"/>
        <line num="24" count="5" type="stmt"/>
        <line num="31" count="1" type="stmt"/>
        <line num="32" count="1" type="stmt"/>
        <line num="35" count="1" type="stmt"/>
        <line num="36" count="1" type="stmt"/>
        <line num="39" count="1" type="stmt"/>
        <line num="40" count="1" type="stmt"/>
        <line num="41" count="1" type="stmt"/>
      </file>
      <file name="SplashPage.vue" path="/Users/nimsum/Turing/MOD-4/harvard-exhibitions/harvard-art-gallery/src/components/SplashPage.vue">
        <metrics statements="16" coveredstatements="16" conditionals="6" coveredconditionals="3" methods="6" coveredmethods="6"/>
        <line num="8" count="1" type="stmt"/>
        <line num="9" count="1" type="stmt"/>
        <line num="14" count="2" type="stmt"/>
        <line num="21" count="2" type="stmt"/>
        <line num="22" count="2" type="stmt"/>
        <line num="25" count="1" type="stmt"/>
        <line num="29" count="3" type="stmt"/>
        <line num="30" count="3" type="stmt"/>
        <line num="31" count="3" type="stmt"/>
        <line num="32" count="3" type="stmt"/>
        <line num="33" count="44" type="stmt"/>
        <line num="37" count="3" type="stmt"/>
        <line num="38" count="6" type="cond" truecount="1" falsecount="1"/>
        <line num="41" count="1" type="cond" truecount="1" falsecount="1"/>
        <line num="42" count="1" type="cond" truecount="1" falsecount="1"/>
        <line num="43" count="1" type="stmt"/>
      </file>
    </package>
    <package name="src.utils.apiFetches">
      <metrics statements="5" coveredstatements="5" conditionals="2" coveredconditionals="2" methods="1" coveredmethods="1"/>
      <file name="index.js" path="/Users/nimsum/Turing/MOD-4/harvard-exhibitions/harvard-art-gallery/src/utils/apiFetches/index.js">
        <metrics statements="5" coveredstatements="5" conditionals="2" coveredconditionals="2" methods="1" coveredmethods="1"/>
        <line num="3" count="3" type="stmt"/>
        <line num="4" count="3" type="stmt"/>
        <line num="5" count="3" type="cond" truecount="2" falsecount="0"/>
        <line num="6" count="1" type="stmt"/>
        <line num="8" count="2" type="stmt"/>
      </file>
    </package>
    <package name="src.utils.apiUrlGenerator">
      <metrics statements="4" coveredstatements="4" conditionals="0" coveredconditionals="0" methods="3" coveredmethods="3"/>
      <file name="index.js" path="/Users/nimsum/Turing/MOD-4/harvard-exhibitions/harvard-art-gallery/src/utils/apiUrlGenerator/index.js">
        <metrics statements="4" coveredstatements="4" conditionals="0" coveredconditionals="0" methods="3" coveredmethods="3"/>
        <line num="1" count="4" type="stmt"/>
        <line num="2" count="5" type="stmt"/>
        <line num="3" count="6" type="stmt"/>
        <line num="4" count="4" type="stmt"/>
      </file>
    </package>
    <package name="src.utils.mockData">
      <metrics statements="3" coveredstatements="3" conditionals="0" coveredconditionals="0" methods="0" coveredmethods="0"/>
      <file name="index.js" path="/Users/nimsum/Turing/MOD-4/harvard-exhibitions/harvard-art-gallery/src/utils/mockData/index.js">
        <metrics statements="3" coveredstatements="3" conditionals="0" coveredconditionals="0" methods="0" coveredmethods="0"/>
        <line num="1" count="4" type="stmt"/>
        <line num="133" count="4" type="stmt"/>
        <line num="1910" count="4" type="stmt"/>
      </file>
    </package>
  </project>
</coverage>
