{"/Users/nimsum/Turing/MOD-4/harvard-exhibitions/harvard-art-gallery/src/App.vue": {"path":"/Users/nimsum/Turing/MOD-4/harvard-exhibitions/harvard-art-gallery/src/App.vue","statementMap":{"0":{"start":{"line":9,"column":0},"end":{"line":9,"column":null}}},"fnMap":{},"branchMap":{},"s":{"0":1},"f":{},"b":{}}
,"/Users/nimsum/Turing/MOD-4/harvard-exhibitions/harvard-art-gallery/src/components/ArtworkContainer.vue": {"path":"/Users/nimsum/Turing/MOD-4/harvard-exhibitions/harvard-art-gallery/src/components/ArtworkContainer.vue","statementMap":{"0":{"start":{"line":12,"column":0},"end":{"line":12,"column":null}}},"fnMap":{},"branchMap":{},"s":{"0":2},"f":{},"b":{}}
,"/Users/nimsum/Turing/MOD-4/harvard-exhibitions/harvard-art-gallery/src/components/ArtworkItem.vue": {"path":"/Users/nimsum/Turing/MOD-4/harvard-exhibitions/harvard-art-gallery/src/components/ArtworkItem.vue","statementMap":{"0":{"start":{"line":48,"column":0},"end":{"line":48,"column":null}},"1":{"start":{"line":49,"column":0},"end":{"line":49,"column":null}},"2":{"start":{"line":64,"column":0},"end":{"line":64,"column":null}}},"fnMap":{"0":{"name":"(anonymous_1)","decl":{"start":{"line":47,"column":0},"end":{"line":47,"column":null}},"loc":{"start":{"line":47,"column":0},"end":{"line":61,"column":null}}},"1":{"name":"(anonymous_2)","decl":{"start":{"line":63,"column":0},"end":{"line":63,"column":null}},"loc":{"start":{"line":63,"column":0},"end":{"line":65,"column":null}}}},"branchMap":{},"s":{"0":7,"1":7,"2":1},"f":{"0":7,"1":1},"b":{}}
,"/Users/nimsum/Turing/MOD-4/harvard-exhibitions/harvard-art-gallery/src/components/FloorContainer.vue": {"path":"/Users/nimsum/Turing/MOD-4/harvard-exhibitions/harvard-art-gallery/src/components/FloorContainer.vue","statementMap":{"0":{"start":{"line":14,"column":0},"end":{"line":14,"column":null}},"1":{"start":{"line":15,"column":0},"end":{"line":15,"column":null}},"2":{"start":{"line":16,"column":0},"end":{"line":16,"column":null}},"3":{"start":{"line":17,"column":0},"end":{"line":17,"column":null}},"4":{"start":{"line":26,"column":0},"end":{"line":26,"column":null}},"5":{"start":{"line":32,"column":0},"end":{"line":32,"column":null}},"6":{"start":{"line":33,"column":0},"end":{"line":35,"column":null}},"7":{"start":{"line":34,"column":0},"end":{"line":34,"column":null}},"8":{"start":{"line":39,"column":0},"end":{"line":39,"column":null}},"9":{"start":{"line":40,"column":0},"end":{"line":40,"column":null}},"10":{"start":{"line":41,"column":0},"end":{"line":45,"column":null}},"11":{"start":{"line":42,"column":0},"end":{"line":44,"column":null}},"12":{"start":{"line":43,"column":0},"end":{"line":43,"column":null}},"13":{"start":{"line":50,"column":0},"end":{"line":58,"column":null}},"14":{"start":{"line":51,"column":0},"end":{"line":51,"column":null}},"15":{"start":{"line":52,"column":0},"end":{"line":52,"column":null}},"16":{"start":{"line":53,"column":0},"end":{"line":53,"column":null}},"17":{"start":{"line":54,"column":0},"end":{"line":54,"column":null}},"18":{"start":{"line":55,"column":0},"end":{"line":55,"column":null}},"19":{"start":{"line":57,"column":0},"end":{"line":57,"column":null}},"20":{"start":{"line":61,"column":0},"end":{"line":68,"column":null}},"21":{"start":{"line":62,"column":0},"end":{"line":62,"column":null}},"22":{"start":{"line":63,"column":0},"end":{"line":63,"column":null}},"23":{"start":{"line":64,"column":0},"end":{"line":64,"column":null}},"24":{"start":{"line":65,"column":0},"end":{"line":65,"column":null}},"25":{"start":{"line":67,"column":0},"end":{"line":67,"column":null}},"26":{"start":{"line":71,"column":0},"end":{"line":71,"column":null}},"27":{"start":{"line":72,"column":0},"end":{"line":72,"column":null}},"28":{"start":{"line":73,"column":0},"end":{"line":73,"column":null}},"29":{"start":{"line":76,"column":0},"end":{"line":76,"column":null}},"30":{"start":{"line":79,"column":0},"end":{"line":79,"column":null}}},"fnMap":{"0":{"name":"(anonymous_2)","decl":{"start":{"line":25,"column":0},"end":{"line":25,"column":null}},"loc":{"start":{"line":25,"column":0},"end":{"line":30,"column":null}}},"1":{"name":"(anonymous_3)","decl":{"start":{"line":31,"column":0},"end":{"line":31,"column":null}},"loc":{"start":{"line":31,"column":0},"end":{"line":36,"column":null}}},"2":{"name":"(anonymous_4)","decl":{"start":{"line":33,"column":0},"end":{"line":33,"column":null}},"loc":{"start":{"line":33,"column":0},"end":{"line":35,"column":null}}},"3":{"name":"(anonymous_5)","decl":{"start":{"line":38,"column":0},"end":{"line":38,"column":null}},"loc":{"start":{"line":38,"column":0},"end":{"line":46,"column":null}}},"4":{"name":"(anonymous_6)","decl":{"start":{"line":42,"column":0},"end":{"line":42,"column":null}},"loc":{"start":{"line":42,"column":0},"end":{"line":44,"column":null}}},"5":{"name":"(anonymous_7)","decl":{"start":{"line":49,"column":0},"end":{"line":49,"column":null}},"loc":{"start":{"line":49,"column":0},"end":{"line":59,"column":null}}},"6":{"name":"(anonymous_8)","decl":{"start":{"line":60,"column":0},"end":{"line":60,"column":null}},"loc":{"start":{"line":60,"column":0},"end":{"line":69,"column":null}}},"7":{"name":"(anonymous_9)","decl":{"start":{"line":70,"column":0},"end":{"line":70,"column":null}},"loc":{"start":{"line":70,"column":0},"end":{"line":74,"column":null}}},"8":{"name":"(anonymous_10)","decl":{"start":{"line":75,"column":0},"end":{"line":75,"column":null}},"loc":{"start":{"line":75,"column":0},"end":{"line":77,"column":null}}},"9":{"name":"(anonymous_11)","decl":{"start":{"line":76,"column":0},"end":{"line":76,"column":null}},"loc":{"start":{"line":76,"column":0},"end":{"line":76,"column":null}}},"10":{"name":"(anonymous_12)","decl":{"start":{"line":78,"column":0},"end":{"line":78,"column":null}},"loc":{"start":{"line":78,"column":0},"end":{"line":80,"column":null}}},"11":{"name":"(anonymous_13)","decl":{"start":{"line":79,"column":0},"end":{"line":79,"column":null}},"loc":{"start":{"line":79,"column":0},"end":{"line":79,"column":null}}}},"branchMap":{"0":{"loc":{"start":{"line":34,"column":0},"end":{"line":34,"column":null}},"type":"if","locations":[{"start":{"line":34,"column":0},"end":{"line":34,"column":null}},{"start":{"line":34,"column":0},"end":{"line":34,"column":null}}]},"1":{"loc":{"start":{"line":41,"column":0},"end":{"line":45,"column":null}},"type":"if","locations":[{"start":{"line":41,"column":0},"end":{"line":45,"column":null}},{"start":{"line":41,"column":0},"end":{"line":45,"column":null}}]},"2":{"loc":{"start":{"line":43,"column":0},"end":{"line":43,"column":null}},"type":"if","locations":[{"start":{"line":43,"column":0},"end":{"line":43,"column":null}},{"start":{"line":43,"column":0},"end":{"line":43,"column":null}}]},"3":{"loc":{"start":{"line":76,"column":0},"end":{"line":76,"column":null}},"type":"binary-expr","locations":[{"start":{"line":76,"column":0},"end":{"line":76,"column":null}},{"start":{"line":76,"column":0},"end":{"line":76,"column":null}}]}},"s":{"0":1,"1":1,"2":1,"3":1,"4":3,"5":3,"6":3,"7":6,"8":0,"9":0,"10":0,"11":0,"12":0,"13":3,"14":3,"15":3,"16":3,"17":3,"18":3,"19":0,"20":5,"21":5,"22":5,"23":5,"24":5,"25":0,"26":4,"27":4,"28":4,"29":55,"30":33},"f":{"0":3,"1":3,"2":3,"3":0,"4":0,"5":3,"6":5,"7":4,"8":5,"9":50,"10":3,"11":30},"b":{"0":[3,0],"1":[0,0],"2":[0,0],"3":[50,10]}}
,"/Users/nimsum/Turing/MOD-4/harvard-exhibitions/harvard-art-gallery/src/components/GalleriesBar.vue": {"path":"/Users/nimsum/Turing/MOD-4/harvard-exhibitions/harvard-art-gallery/src/components/GalleriesBar.vue","statementMap":{"0":{"start":{"line":24,"column":0},"end":{"line":24,"column":null}},"1":{"start":{"line":31,"column":0},"end":{"line":31,"column":null}},"2":{"start":{"line":32,"column":0},"end":{"line":32,"column":null}},"3":{"start":{"line":35,"column":0},"end":{"line":35,"column":null}},"4":{"start":{"line":36,"column":0},"end":{"line":36,"column":null}},"5":{"start":{"line":39,"column":0},"end":{"line":39,"column":null}},"6":{"start":{"line":40,"column":0},"end":{"line":40,"column":null}},"7":{"start":{"line":41,"column":0},"end":{"line":41,"column":null}}},"fnMap":{"0":{"name":"(anonymous_1)","decl":{"start":{"line":23,"column":0},"end":{"line":23,"column":null}},"loc":{"start":{"line":23,"column":0},"end":{"line":28,"column":null}}},"1":{"name":"(anonymous_2)","decl":{"start":{"line":30,"column":0},"end":{"line":30,"column":null}},"loc":{"start":{"line":30,"column":0},"end":{"line":33,"column":null}}},"2":{"name":"(anonymous_3)","decl":{"start":{"line":34,"column":0},"end":{"line":34,"column":null}},"loc":{"start":{"line":34,"column":0},"end":{"line":37,"column":null}}},"3":{"name":"(anonymous_4)","decl":{"start":{"line":38,"column":0},"end":{"line":38,"column":null}},"loc":{"start":{"line":38,"column":0},"end":{"line":42,"column":null}}}},"branchMap":{},"s":{"0":5,"1":1,"2":1,"3":1,"4":1,"5":1,"6":1,"7":1},"f":{"0":5,"1":1,"2":1,"3":1},"b":{}}
,"/Users/nimsum/Turing/MOD-4/harvard-exhibitions/harvard-art-gallery/src/components/SplashPage.vue": {"path":"/Users/nimsum/Turing/MOD-4/harvard-exhibitions/harvard-art-gallery/src/components/SplashPage.vue","statementMap":{"0":{"start":{"line":8,"column":0},"end":{"line":8,"column":null}},"1":{"start":{"line":9,"column":0},"end":{"line":9,"column":null}},"2":{"start":{"line":14,"column":0},"end":{"line":14,"column":null}},"3":{"start":{"line":21,"column":0},"end":{"line":21,"column":null}},"4":{"start":{"line":22,"column":0},"end":{"line":22,"column":null}},"5":{"start":{"line":25,"column":0},"end":{"line":25,"column":null}},"6":{"start":{"line":29,"column":0},"end":{"line":29,"column":null}},"7":{"start":{"line":30,"column":0},"end":{"line":30,"column":null}},"8":{"start":{"line":31,"column":0},"end":{"line":31,"column":null}},"9":{"start":{"line":32,"column":0},"end":{"line":32,"column":null}},"10":{"start":{"line":33,"column":0},"end":{"line":33,"column":null}},"11":{"start":{"line":37,"column":0},"end":{"line":37,"column":null}},"12":{"start":{"line":38,"column":0},"end":{"line":38,"column":null}},"13":{"start":{"line":41,"column":0},"end":{"line":45,"column":null}},"14":{"start":{"line":42,"column":0},"end":{"line":44,"column":null}},"15":{"start":{"line":43,"column":0},"end":{"line":43,"column":null}}},"fnMap":{"0":{"name":"(anonymous_2)","decl":{"start":{"line":13,"column":0},"end":{"line":13,"column":null}},"loc":{"start":{"line":13,"column":0},"end":{"line":19,"column":null}}},"1":{"name":"(anonymous_3)","decl":{"start":{"line":20,"column":0},"end":{"line":20,"column":null}},"loc":{"start":{"line":20,"column":0},"end":{"line":23,"column":null}}},"2":{"name":"(anonymous_4)","decl":{"start":{"line":24,"column":0},"end":{"line":24,"column":null}},"loc":{"start":{"line":24,"column":0},"end":{"line":26,"column":null}}},"3":{"name":"(anonymous_5)","decl":{"start":{"line":28,"column":0},"end":{"line":28,"column":null}},"loc":{"start":{"line":28,"column":0},"end":{"line":39,"column":null}}},"4":{"name":"(anonymous_6)","decl":{"start":{"line":33,"column":0},"end":{"line":33,"column":null}},"loc":{"start":{"line":33,"column":0},"end":{"line":33,"column":null}}},"5":{"name":"(anonymous_7)","decl":{"start":{"line":40,"column":0},"end":{"line":40,"column":null}},"loc":{"start":{"line":40,"column":0},"end":{"line":46,"column":null}}}},"branchMap":{"0":{"loc":{"start":{"line":38,"column":0},"end":{"line":38,"column":null}},"type":"if","locations":[{"start":{"line":38,"column":0},"end":{"line":38,"column":null}},{"start":{"line":38,"column":0},"end":{"line":38,"column":null}}]},"1":{"loc":{"start":{"line":41,"column":0},"end":{"line":45,"column":null}},"type":"if","locations":[{"start":{"line":41,"column":0},"end":{"line":45,"column":null}},{"start":{"line":41,"column":0},"end":{"line":45,"column":null}}]},"2":{"loc":{"start":{"line":42,"column":0},"end":{"line":44,"column":null}},"type":"if","locations":[{"start":{"line":42,"column":0},"end":{"line":44,"column":null}},{"start":{"line":42,"column":0},"end":{"line":44,"column":null}}]}},"s":{"0":1,"1":1,"2":2,"3":2,"4":2,"5":1,"6":3,"7":3,"8":3,"9":3,"10":44,"11":3,"12":6,"13":1,"14":1,"15":1},"f":{"0":2,"1":2,"2":1,"3":3,"4":41,"5":1},"b":{"0":[3,0],"1":[1,0],"2":[1,0]}}
,"/Users/nimsum/Turing/MOD-4/harvard-exhibitions/harvard-art-gallery/src/utils/apiFetches/index.js": {"path":"/Users/nimsum/Turing/MOD-4/harvard-exhibitions/harvard-art-gallery/src/utils/apiFetches/index.js","statementMap":{"0":{"start":{"line":3,"column":20},"end":{"line":9,"column":1}},"1":{"start":{"line":4,"column":19},"end":{"line":4,"column":39}},"2":{"start":{"line":5,"column":2},"end":{"line":7,"column":3}},"3":{"start":{"line":6,"column":4},"end":{"line":6,"column":44}},"4":{"start":{"line":8,"column":2},"end":{"line":8,"column":23}}},"fnMap":{"0":{"name":"(anonymous_0)","decl":{"start":{"line":3,"column":20},"end":{"line":3,"column":21}},"loc":{"start":{"line":3,"column":35},"end":{"line":9,"column":1}},"line":3}},"branchMap":{"0":{"loc":{"start":{"line":5,"column":2},"end":{"line":7,"column":3}},"type":"if","locations":[{"start":{"line":5,"column":2},"end":{"line":7,"column":3}},{"start":{"line":5,"column":2},"end":{"line":7,"column":3}}],"line":5}},"s":{"0":3,"1":3,"2":3,"3":1,"4":2},"f":{"0":3},"b":{"0":[1,2]},"_coverageSchema":"43e27e138ebf9cfc5966b082cf9a028302ed4184","hash":"cf42143e5e0baaf7211f00e83b900347ded66297"}
,"/Users/nimsum/Turing/MOD-4/harvard-exhibitions/harvard-art-gallery/src/utils/apiUrlGenerator/index.js": {"path":"/Users/nimsum/Turing/MOD-4/harvard-exhibitions/harvard-art-gallery/src/utils/apiUrlGenerator/index.js","statementMap":{"0":{"start":{"line":1,"column":16},"end":{"line":5,"column":1}},"1":{"start":{"line":2,"column":31},"end":{"line":2,"column":196}},"2":{"start":{"line":3,"column":36},"end":{"line":3,"column":157}},"3":{"start":{"line":4,"column":33},"end":{"line":4,"column":152}}},"fnMap":{"0":{"name":"(anonymous_0)","decl":{"start":{"line":2,"column":20},"end":{"line":2,"column":21}},"loc":{"start":{"line":2,"column":31},"end":{"line":2,"column":196}},"line":2},"1":{"name":"(anonymous_1)","decl":{"start":{"line":3,"column":21},"end":{"line":3,"column":22}},"loc":{"start":{"line":3,"column":36},"end":{"line":3,"column":157}},"line":3},"2":{"name":"(anonymous_2)","decl":{"start":{"line":4,"column":16},"end":{"line":4,"column":17}},"loc":{"start":{"line":4,"column":33},"end":{"line":4,"column":152}},"line":4}},"branchMap":{},"s":{"0":4,"1":5,"2":6,"3":4},"f":{"0":5,"1":6,"2":4},"b":{},"_coverageSchema":"43e27e138ebf9cfc5966b082cf9a028302ed4184","hash":"4821c3790d3f0a9d04f90ff1c5c64c804d79af8e"}
,"/Users/nimsum/Turing/MOD-4/harvard-exhibitions/harvard-art-gallery/src/utils/mockData/index.js": {"path":"/Users/nimsum/Turing/MOD-4/harvard-exhibitions/harvard-art-gallery/src/utils/mockData/index.js","statementMap":{"0":{"start":{"line":1,"column":25},"end":{"line":131,"column":1}},"1":{"start":{"line":133,"column":27},"end":{"line":1908,"column":1}},"2":{"start":{"line":1910,"column":26},"end":{"line":2261,"column":1}}},"fnMap":{},"branchMap":{},"s":{"0":4,"1":4,"2":4},"f":{},"b":{},"_coverageSchema":"43e27e138ebf9cfc5966b082cf9a028302ed4184","hash":"4f2a9d17e5cd54fea38a0b904790f3de8f078458"}
}
