TN:
SF:/Users/nimsum/Turing/MOD-4/harvard-exhibitions/harvard-art-gallery/src/App.vue
FNF:0
FNH:0
DA:9,1
LF:1
LH:1
BRF:0
BRH:0
end_of_record
TN:
SF:/Users/nimsum/Turing/MOD-4/harvard-exhibitions/harvard-art-gallery/src/components/ArtworkContainer.vue
FNF:0
FNH:0
DA:12,2
LF:1
LH:1
BRF:0
BRH:0
end_of_record
TN:
SF:/Users/nimsum/Turing/MOD-4/harvard-exhibitions/harvard-art-gallery/src/components/ArtworkItem.vue
FN:47,(anonymous_1)
FN:63,(anonymous_2)
FNF:2
FNH:1
FNDA:1,(anonymous_1)
FNDA:0,(anonymous_2)
DA:48,1
DA:49,1
DA:64,0
LF:3
LH:2
BRF:0
BRH:0
end_of_record
TN:
SF:/Users/nimsum/Turing/MOD-4/harvard-exhibitions/harvard-art-gallery/src/components/FloorContainer.vue
FN:25,(anonymous_2)
FN:31,(anonymous_3)
FN:33,(anonymous_4)
FN:38,(anonymous_5)
FN:42,(anonymous_6)
FN:49,(anonymous_7)
FN:60,(anonymous_8)
FN:70,(anonymous_9)
FN:75,(anonymous_10)
FN:76,(anonymous_11)
FN:78,(anonymous_12)
FN:79,(anonymous_13)
FNF:12
FNH:10
FNDA:1,(anonymous_2)
FNDA:1,(anonymous_3)
FNDA:1,(anonymous_4)
FNDA:0,(anonymous_5)
FNDA:0,(anonymous_6)
FNDA:1,(anonymous_7)
FNDA:1,(anonymous_8)
FNDA:1,(anonymous_9)
FNDA:1,(anonymous_10)
FNDA:10,(anonymous_11)
FNDA:1,(anonymous_12)
FNDA:10,(anonymous_13)
DA:14,1
DA:15,1
DA:16,1
DA:17,1
DA:26,1
DA:32,1
DA:33,1
DA:34,2
DA:39,0
DA:40,0
DA:41,0
DA:42,0
DA:43,0
DA:50,1
DA:51,1
DA:52,1
DA:53,1
DA:54,1
DA:55,1
DA:57,0
DA:61,1
DA:62,1
DA:63,1
DA:64,1
DA:65,1
DA:67,0
DA:71,1
DA:72,1
DA:73,1
DA:76,11
DA:79,11
LF:31
LH:24
BRDA:34,0,0,1
BRDA:34,0,1,0
BRDA:41,1,0,0
BRDA:41,1,1,0
BRDA:43,2,0,0
BRDA:43,2,1,0
BRDA:76,3,0,10
BRDA:76,3,1,0
BRF:8
BRH:2
end_of_record
TN:
SF:/Users/nimsum/Turing/MOD-4/harvard-exhibitions/harvard-art-gallery/src/components/GalleriesBar.vue
FN:23,(anonymous_1)
FN:30,(anonymous_2)
FN:34,(anonymous_3)
FN:38,(anonymous_4)
FNF:4
FNH:1
FNDA:2,(anonymous_1)
FNDA:0,(anonymous_2)
FNDA:0,(anonymous_3)
FNDA:0,(anonymous_4)
DA:24,2
DA:31,0
DA:32,0
DA:35,0
DA:36,0
DA:39,0
DA:40,0
DA:41,0
LF:8
LH:1
BRF:0
BRH:0
end_of_record
TN:
SF:/Users/nimsum/Turing/MOD-4/harvard-exhibitions/harvard-art-gallery/src/components/SplashPage.vue
FN:13,(anonymous_2)
FN:20,(anonymous_3)
FN:24,(anonymous_4)
FN:28,(anonymous_5)
FN:33,(anonymous_6)
FN:40,(anonymous_7)
FNF:6
FNH:4
FNDA:1,(anonymous_2)
FNDA:1,(anonymous_3)
FNDA:0,(anonymous_4)
FNDA:1,(anonymous_5)
FNDA:20,(anonymous_6)
FNDA:0,(anonymous_7)
DA:8,1
DA:9,1
DA:14,1
DA:21,1
DA:22,1
DA:25,0
DA:29,1
DA:30,1
DA:31,1
DA:32,1
DA:33,21
DA:37,1
DA:38,2
DA:41,0
DA:42,0
DA:43,0
LF:16
LH:12
BRDA:38,0,0,1
BRDA:38,0,1,0
BRDA:41,1,0,0
BRDA:41,1,1,0
BRDA:42,2,0,0
BRDA:42,2,1,0
BRF:6
BRH:1
end_of_record
TN:
SF:/Users/nimsum/Turing/MOD-4/harvard-exhibitions/harvard-art-gallery/src/router/index.js
FNF:0
FNH:0
DA:5,0
DA:7,0
LF:2
LH:0
BRF:0
BRH:0
end_of_record
TN:
SF:/Users/nimsum/Turing/MOD-4/harvard-exhibitions/harvard-art-gallery/src/router/routes.js
FNF:0
FNH:0
DA:4,0
LF:1
LH:0
BRF:0
BRH:0
end_of_record
TN:
SF:/Users/nimsum/Turing/MOD-4/harvard-exhibitions/harvard-art-gallery/src/utils/apiFetches/index.js
FN:3,(anonymous_0)
FNF:1
FNH:0
FNDA:0,(anonymous_0)
DA:3,2
DA:4,0
DA:5,0
DA:6,0
DA:8,0
LF:5
LH:1
BRDA:5,0,0,0
BRDA:5,0,1,0
BRF:2
BRH:0
end_of_record
TN:
SF:/Users/nimsum/Turing/MOD-4/harvard-exhibitions/harvard-art-gallery/src/utils/apiUrlGenerator/index.js
FN:2,(anonymous_0)
FN:3,(anonymous_1)
FN:4,(anonymous_2)
FNF:3
FNH:3
FNDA:1,(anonymous_0)
FNDA:1,(anonymous_1)
FNDA:1,(anonymous_2)
DA:1,2
DA:2,1
DA:3,1
DA:4,1
LF:4
LH:4
BRF:0
BRH:0
end_of_record
TN:
SF:/Users/nimsum/Turing/MOD-4/harvard-exhibitions/harvard-art-gallery/src/utils/mockData/index.js
FNF:0
FNH:0
DA:1,3
DA:133,3
DA:1910,3
LF:3
LH:3
BRF:0
BRH:0
end_of_record
