TN:
SF:/Users/nimsum/Turing/MOD-4/harvard-exhibitions/harvard-art-gallery/src/App.vue
FNF:0
FNH:0
DA:9,1
LF:1
LH:1
BRF:0
BRH:0
end_of_record
TN:
SF:/Users/nimsum/Turing/MOD-4/harvard-exhibitions/harvard-art-gallery/src/components/ArtworkContainer.vue
FNF:0
FNH:0
DA:12,2
LF:1
LH:1
BRF:0
BRH:0
end_of_record
TN:
SF:/Users/nimsum/Turing/MOD-4/harvard-exhibitions/harvard-art-gallery/src/components/ArtworkItem.vue
FN:47,(anonymous_1)
FN:63,(anonymous_2)
FNF:2
FNH:2
FNDA:7,(anonymous_1)
FNDA:1,(anonymous_2)
DA:48,7
DA:49,7
DA:64,1
LF:3
LH:3
BRF:0
BRH:0
end_of_record
TN:
SF:/Users/nimsum/Turing/MOD-4/harvard-exhibitions/harvard-art-gallery/src/components/FloorContainer.vue
FN:25,(anonymous_2)
FN:31,(anonymous_3)
FN:33,(anonymous_4)
FN:38,(anonymous_5)
FN:42,(anonymous_6)
FN:49,(anonymous_7)
FN:60,(anonymous_8)
FN:70,(anonymous_9)
FN:75,(anonymous_10)
FN:76,(anonymous_11)
FN:78,(anonymous_12)
FN:79,(anonymous_13)
FNF:12
FNH:10
FNDA:3,(anonymous_2)
FNDA:3,(anonymous_3)
FNDA:3,(anonymous_4)
FNDA:0,(anonymous_5)
FNDA:0,(anonymous_6)
FNDA:3,(anonymous_7)
FNDA:5,(anonymous_8)
FNDA:4,(anonymous_9)
FNDA:5,(anonymous_10)
FNDA:50,(anonymous_11)
FNDA:3,(anonymous_12)
FNDA:30,(anonymous_13)
DA:14,1
DA:15,1
DA:16,1
DA:17,1
DA:26,3
DA:32,3
DA:33,3
DA:34,6
DA:39,0
DA:40,0
DA:41,0
DA:42,0
DA:43,0
DA:50,3
DA:51,3
DA:52,3
DA:53,3
DA:54,3
DA:55,3
DA:57,0
DA:61,5
DA:62,5
DA:63,5
DA:64,5
DA:65,5
DA:67,0
DA:71,4
DA:72,4
DA:73,4
DA:76,55
DA:79,33
LF:31
LH:24
BRDA:34,0,0,3
BRDA:34,0,1,0
BRDA:41,1,0,0
BRDA:41,1,1,0
BRDA:43,2,0,0
BRDA:43,2,1,0
BRDA:76,3,0,50
BRDA:76,3,1,10
BRF:8
BRH:3
end_of_record
TN:
SF:/Users/nimsum/Turing/MOD-4/harvard-exhibitions/harvard-art-gallery/src/components/GalleriesBar.vue
FN:23,(anonymous_1)
FN:30,(anonymous_2)
FN:34,(anonymous_3)
FN:38,(anonymous_4)
FNF:4
FNH:4
FNDA:5,(anonymous_1)
FNDA:1,(anonymous_2)
FNDA:1,(anonymous_3)
FNDA:1,(anonymous_4)
DA:24,5
DA:31,1
DA:32,1
DA:35,1
DA:36,1
DA:39,1
DA:40,1
DA:41,1
LF:8
LH:8
BRF:0
BRH:0
end_of_record
TN:
SF:/Users/nimsum/Turing/MOD-4/harvard-exhibitions/harvard-art-gallery/src/components/SplashPage.vue
FN:13,(anonymous_2)
FN:20,(anonymous_3)
FN:24,(anonymous_4)
FN:28,(anonymous_5)
FN:33,(anonymous_6)
FN:40,(anonymous_7)
FNF:6
FNH:6
FNDA:2,(anonymous_2)
FNDA:2,(anonymous_3)
FNDA:1,(anonymous_4)
FNDA:3,(anonymous_5)
FNDA:41,(anonymous_6)
FNDA:1,(anonymous_7)
DA:8,1
DA:9,1
DA:14,2
DA:21,2
DA:22,2
DA:25,1
DA:29,3
DA:30,3
DA:31,3
DA:32,3
DA:33,44
DA:37,3
DA:38,6
DA:41,1
DA:42,1
DA:43,1
LF:16
LH:16
BRDA:38,0,0,3
BRDA:38,0,1,0
BRDA:41,1,0,1
BRDA:41,1,1,0
BRDA:42,2,0,1
BRDA:42,2,1,0
BRF:6
BRH:3
end_of_record
TN:
SF:/Users/nimsum/Turing/MOD-4/harvard-exhibitions/harvard-art-gallery/src/utils/apiFetches/index.js
FN:3,(anonymous_0)
FNF:1
FNH:1
FNDA:3,(anonymous_0)
DA:3,3
DA:4,3
DA:5,3
DA:6,1
DA:8,2
LF:5
LH:5
BRDA:5,0,0,1
BRDA:5,0,1,2
BRF:2
BRH:2
end_of_record
TN:
SF:/Users/nimsum/Turing/MOD-4/harvard-exhibitions/harvard-art-gallery/src/utils/apiUrlGenerator/index.js
FN:2,(anonymous_0)
FN:3,(anonymous_1)
FN:4,(anonymous_2)
FNF:3
FNH:3
FNDA:5,(anonymous_0)
FNDA:6,(anonymous_1)
FNDA:4,(anonymous_2)
DA:1,4
DA:2,5
DA:3,6
DA:4,4
LF:4
LH:4
BRF:0
BRH:0
end_of_record
TN:
SF:/Users/nimsum/Turing/MOD-4/harvard-exhibitions/harvard-art-gallery/src/utils/mockData/index.js
FNF:0
FNH:0
DA:1,4
DA:133,4
DA:1910,4
LF:3
LH:3
BRF:0
BRH:0
end_of_record
